<?xml version="1.0" encoding="UTF-8"?>
<!-- Generated by org.testng.reporters.JUnitReportReporter -->
<testsuite hostname="DESKTOP-TA8ALSD" failures="0" tests="1" name="APITesting.APITesting.AppTest" time="1.311" errors="0" timestamp="2022-01-13T17:50:39 IST" skipped="0">
  <testcase classname="APITesting.APITesting.AppTest" name="Test01_GET" time="1.311"/>
  <system-out/>
</testsuite> <!-- APITesting.APITesting.AppTest -->
